<?xml version="1.0" encoding="UTF-8"?>
<!-- Generated by org.testng.reporters.JUnitReportReporter -->
<testsuite hostname="DESKTOPwuxh" name="testCase.agent.Logout" tests="1" failures="0" timestamp="8 Oct 2019 05:51:28 GMT" time="0.148" errors="0">
  <testcase name="logout" time="0.148" classname="testCase.agent.Logout"/>
</testsuite> <!-- testCase.agent.Logout -->
