<?xml version="1.0" encoding="UTF-8"?>
<!-- Generated by org.testng.reporters.JUnitReportReporter -->
<testsuite hostname="DESKTOPwuxh" name="testCase.agent.Login" tests="1" failures="0" timestamp="8 Oct 2019 05:51:28 GMT" time="2.577" errors="0">
  <testcase name="login_success" time="2.577" classname="testCase.agent.Login"/>
</testsuite> <!-- testCase.agent.Login -->
