<?xml version="1.0" encoding="UTF-8"?>
<!-- Generated by org.testng.reporters.JUnitReportReporter -->
<testsuite hostname="DESKTOPwuxh" name="testCase.agent.Login" tests="1" failures="0" timestamp="10 Dec 2019 06:45:32 GMT" time="4.111" errors="0">
  <testcase name="login_success" time="4.111" classname="testCase.agent.Login"/>
</testsuite> <!-- testCase.agent.Login -->
