<?xml version="1.0" encoding="UTF-8"?>
<!-- Generated by org.testng.reporters.JUnitReportReporter -->
<testsuite hostname="DESKTOPwuxh" name="testCase.agent.Login" tests="1" failures="0" timestamp="14 Dec 2019 09:48:32 GMT" time="10.685" errors="0">
  <testcase name="login_success" time="10.685" classname="testCase.agent.Login"/>
</testsuite> <!-- testCase.agent.Login -->
