<?xml version="1.0" encoding="UTF-8"?>
<!-- Generated by org.testng.reporters.JUnitReportReporter -->
<testsuite hostname="DESKTOPwuxh" name="testCase.agent.rent.SourceTitleTooShort" tests="1" failures="0" timestamp="8 Oct 2019 05:51:28 GMT" time="16.153" errors="0">
  <testcase name="rent_sourceTitleTooShort" time="16.153" classname="testCase.agent.rent.SourceTitleTooShort"/>
</testsuite> <!-- testCase.agent.rent.SourceTitleTooShort -->
