<?xml version="1.0" encoding="UTF-8"?>
<!-- Generated by org.testng.reporters.JUnitReportReporter -->
<testsuite hostname="DESKTOPwuxh" name="testCase.agent.authInfo.NameInputNull" tests="1" failures="0" timestamp="14 Dec 2019 09:48:32 GMT" time="41.210" errors="0">
  <testcase name="nameInputNull" time="41.210" classname="testCase.agent.authInfo.NameInputNull"/>
</testsuite> <!-- testCase.agent.authInfo.NameInputNull -->
