<?xml version="1.0" encoding="UTF-8"?>
<!-- Generated by org.testng.reporters.JUnitReportReporter -->
<testsuite hostname="DESKTOPwuxh" name="testCase.agent.rent.XiaJia" tests="1" failures="0" timestamp="8 Oct 2019 05:51:28 GMT" time="1.735" errors="0">
  <testcase name="rent_xiajia" time="1.735" classname="testCase.agent.rent.XiaJia"/>
</testsuite> <!-- testCase.agent.rent.XiaJia -->
