<?xml version="1.0" encoding="UTF-8"?>
<!-- Generated by org.testng.reporters.JUnitReportReporter -->
<testsuite hostname="DESKTOPwuxh" name="testCase.agent.authInfo.Success" tests="1" failures="0" timestamp="14 Dec 2019 09:48:32 GMT" time="37.370" errors="0">
  <testcase name="success" time="37.370" classname="testCase.agent.authInfo.Success"/>
</testsuite> <!-- testCase.agent.authInfo.Success -->
