<?xml version="1.0" encoding="UTF-8"?>
<!-- Generated by org.testng.reporters.JUnitReportReporter -->
<testsuite hostname="DESKTOPwuxh" name="testCase.agent.Logout" tests="1" failures="0" timestamp="10 Dec 2019 06:34:59 GMT" time="0.525" errors="0">
  <testcase name="logout" time="0.525" classname="testCase.agent.Logout"/>
</testsuite> <!-- testCase.agent.Logout -->
