<?xml version="1.0" encoding="UTF-8"?>
<!-- Generated by org.testng.reporters.JUnitReportReporter -->
<testsuite hostname="DESKTOPwuxh" name="testCase.agent.Login" tests="1" failures="0" timestamp="11 Dec 2019 09:34:55 GMT" time="4.249" errors="0">
  <testcase name="login_success" time="4.249" classname="testCase.agent.Login"/>
</testsuite> <!-- testCase.agent.Login -->
