<?xml version="1.0" encoding="UTF-8"?>
<!-- Generated by org.testng.reporters.JUnitReportReporter -->
<testsuite hostname="DESKTOPwuxh" name="testCase.agent.authInfo.Success" tests="1" failures="0" timestamp="10 Dec 2019 06:34:59 GMT" time="34.326" errors="0">
  <testcase name="success" time="34.326" classname="testCase.agent.authInfo.Success"/>
</testsuite> <!-- testCase.agent.authInfo.Success -->
