<?xml version="1.0" encoding="UTF-8"?>
<!-- Generated by org.testng.reporters.JUnitReportReporter -->
<testsuite hostname="DESKTOPwuxh" name="testCase.agent.Login" tests="1" failures="0" timestamp="11 Nov 2019 02:24:36 GMT" time="3.553" errors="0">
  <testcase name="login_success" time="3.553" classname="testCase.agent.Login"/>
</testsuite> <!-- testCase.agent.Login -->
