<?xml version="1.0" encoding="UTF-8"?>
<!-- Generated by org.testng.reporters.JUnitReportReporter -->
<testsuite hostname="DESKTOPwuxh" name="testCase.agent.Logout" tests="1" failures="0" timestamp="14 Dec 2019 09:48:32 GMT" time="0.790" errors="0">
  <testcase name="logout" time="0.790" classname="testCase.agent.Logout"/>
</testsuite> <!-- testCase.agent.Logout -->
