<?xml version="1.0" encoding="UTF-8"?>
<!-- Generated by org.testng.reporters.JUnitReportReporter -->
<testsuite hostname="DESKTOPwuxh" name="testCase.agent.Agent_huigui" tests="4" failures="0" timestamp="17 Jul 2019 10:30:42 GMT" time="136.078" errors="0">
  <testcase name="agentRent_huigui" time="37.907" classname="testCase.agent.Agent_huigui"/>
  <testcase name="agentRent_huigui" time="47.436" classname="testCase.agent.Agent_huigui"/>
  <testcase name="agentSecondHand_huigui" time="30.353" classname="testCase.agent.Agent_huigui"/>
  <testcase name="agentSecondHand_huigui" time="20.382" classname="testCase.agent.Agent_huigui"/>
</testsuite> <!-- testCase.agent.Agent_huigui -->
